#
# There is insufficient memory for the Java Runtime Environment to continue.
# Native memory allocation (malloc) failed to allocate 1421856 bytes for Chunk::new
# Possible reasons:
#   The system is out of physical RAM or swap space
#   The process is running with CompressedOops enabled, and the Java Heap may be blocking the growth of the native heap
# Possible solutions:
#   Reduce memory load on the system
#   Increase physical memory or swap space
#   Check if swap backing store is full
#   Decrease Java heap size (-Xmx/-Xms)
#   Decrease number of Java threads
#   Decrease Java thread stack sizes (-Xss)
#   Set larger code cache with -XX:ReservedCodeCacheSize=
#   JVM is running with Unscaled Compressed Oops mode in which the Java heap is
#     placed in the first 4GB address space. The Java Heap base address is the
#     maximum limit for the native heap growth. Please use -XX:HeapBaseMinAddress
#     to set the Java Heap base and to place the Java Heap above 4GB virtual address.
# This output file may be truncated or incomplete.
#
#  Out of Memory Error (allocation.cpp:389), pid=11032, tid=0x000000000000342c
#
# JRE version: OpenJDK Runtime Environment (8.0_242-b01) (build 1.8.0_242-release-1644-b01)
# Java VM: OpenJDK 64-Bit Server VM (25.242-b01 mixed mode windows-amd64 compressed oops)
# Failed to write core dump. Minidumps are not enabled by default on client versions of Windows
#

---------------  T H R E A D  ---------------

Current thread (0x0000000017606000):  JavaThread "C2 CompilerThread0" daemon [_thread_in_native, id=13356, stack(0x0000000018c60000,0x0000000018d60000)]

Stack: [0x0000000018c60000,0x0000000018d60000]
[error occurred during error reporting (printing stack bounds), id 0xc0000005]

Native frames: (J=compiled Java code, j=interpreted, Vv=VM code, C=native code)


Current CompileTask:
C2:7400862 16048       4       java.net.URLClassLoader$1::run (5 bytes)


---------------  P R O C E S S  ---------------

Java Threads: ( => current thread )
  0x000000001da52800 JavaThread "Cache worker for Java compile cache (D:\PADC\POCAssignment\.gradle\6.1.1\javaCompile)" [_thread_in_native, id=12380, stack(0x0000000028c10000,0x0000000028d10000)]
  0x000000001da54000 JavaThread "Cache worker for Java compile cache (C:\Users\ZinPaingOo\.gradle\caches\6.1.1\javaCompile)" [_thread_blocked, id=2912, stack(0x0000000028b10000,0x0000000028c10000)]
  0x000000001da51000 JavaThread "RMI TCP Connection(2)-127.0.0.1" daemon [_thread_in_native, id=9420, stack(0x0000000028810000,0x0000000028910000)]
  0x000000001da53800 JavaThread "RMI Reaper" [_thread_blocked, id=12408, stack(0x0000000028710000,0x0000000028810000)]
  0x0000000022fd8000 JavaThread "RMI TCP Accept-0" daemon [_thread_in_native, id=5868, stack(0x0000000028610000,0x0000000028710000)]
  0x0000000022fd7000 JavaThread "GC Daemon" daemon [_thread_blocked, id=13480, stack(0x0000000028510000,0x0000000028610000)]
  0x0000000022fd6800 JavaThread "RMI RenewClean-[127.0.0.1:17376,org.jetbrains.kotlin.daemon.common.LoopbackNetworkInterface$ClientLoopbackSocketFactory@6c03eb00]" daemon [_thread_blocked, id=6960, stack(0x0000000028410000,0x0000000028510000)]
  0x0000000022fd4000 JavaThread "RMI Scheduler(0)" daemon [_thread_blocked, id=5768, stack(0x0000000028310000,0x0000000028410000)]
  0x0000000022fd5800 JavaThread "stdout" [_thread_in_native, id=11604, stack(0x0000000028010000,0x0000000028110000)]
  0x0000000022fd2000 JavaThread "stderr" [_thread_in_native, id=14136, stack(0x0000000027f10000,0x0000000028010000)]
  0x0000000022fd5000 JavaThread "stdout" [_thread_in_native, id=13196, stack(0x0000000027e10000,0x0000000027f10000)]
  0x0000000022fd1000 JavaThread "stderr" [_thread_in_native, id=7592, stack(0x0000000027d10000,0x0000000027e10000)]
  0x00000000191bd000 JavaThread "stdout" [_thread_in_native, id=1560, stack(0x0000000027c10000,0x0000000027d10000)]
  0x000000001b1ac800 JavaThread "stderr" [_thread_in_native, id=7756, stack(0x0000000027b10000,0x0000000027c10000)]
  0x000000001b1ac000 JavaThread "stdout" [_thread_in_native, id=1664, stack(0x0000000027a10000,0x0000000027b10000)]
  0x000000001b1af000 JavaThread "stderr" [_thread_in_native, id=11268, stack(0x0000000027910000,0x0000000027a10000)]
  0x000000001b1af800 JavaThread "pool-7-thread-1" [_thread_blocked, id=7404, stack(0x0000000027710000,0x0000000027810000)]
  0x000000001f0fe000 JavaThread "WorkerExecutor Queue Thread 4" [_thread_blocked, id=12748, stack(0x0000000027610000,0x0000000027710000)]
  0x000000001f0fc800 JavaThread "WorkerExecutor Queue Thread 3" [_thread_blocked, id=32, stack(0x0000000027510000,0x0000000027610000)]
  0x000000001f0fc000 JavaThread "WorkerExecutor Queue Thread 2" [_thread_blocked, id=10064, stack(0x0000000027410000,0x0000000027510000)]
  0x000000001f0f6800 JavaThread "WorkerExecutor Queue" [_thread_blocked, id=14184, stack(0x0000000027310000,0x0000000027410000)]
  0x000000001f0fa800 JavaThread "Cache worker for execution history cache (D:\PADC\POCAssignment\.gradle\6.1.1\executionHistory)" [_thread_blocked, id=13096, stack(0x0000000026e10000,0x0000000026f10000)]
  0x000000001f0f9000 JavaThread "Execution worker for ':' Thread 3" [_thread_blocked, id=6452, stack(0x0000000026d10000,0x0000000026e10000)]
  0x000000001f0f4800 JavaThread "Execution worker for ':' Thread 2" [_thread_blocked, id=9196, stack(0x0000000026c10000,0x0000000026d10000)]
  0x000000001f0fb000 JavaThread "Execution worker for ':'" [_thread_blocked, id=5832, stack(0x0000000026b10000,0x0000000026c10000)]
  0x000000001f0f9800 JavaThread "Cache worker for file content cache (D:\PADC\POCAssignment\.gradle\6.1.1\fileContent)" [_thread_blocked, id=1272, stack(0x0000000026a10000,0x0000000026b10000)]
  0x000000001f0f5000 JavaThread "Cache worker for Build Output Cleanup Cache (D:\PADC\POCAssignment\.gradle\buildOutputCleanup)" [_thread_blocked, id=11968, stack(0x0000000022910000,0x0000000022a10000)]
  0x000000001f0f7800 JavaThread "Build operations Thread 4" [_thread_blocked, id=11076, stack(0x0000000022610000,0x0000000022710000)]
  0x000000001f0ef000 JavaThread "Build operations Thread 3" [_thread_blocked, id=9764, stack(0x0000000021f10000,0x0000000022010000)]
  0x000000001f0f2000 JavaThread "Build operations Thread 2" [_thread_blocked, id=5964, stack(0x0000000021e10000,0x0000000021f10000)]
  0x000000001f0f3800 JavaThread "Build operations" [_thread_blocked, id=11320, stack(0x0000000020c80000,0x0000000020d80000)]
  0x00000000191ba000 JavaThread "Cache worker for cache directory md-rule (C:\Users\ZinPaingOo\.gradle\caches\6.1.1\md-rule)" [_thread_blocked, id=13948, stack(0x0000000020b80000,0x0000000020c80000)]
  0x00000000191b9800 JavaThread "Cache worker for cache directory md-supplier (C:\Users\ZinPaingOo\.gradle\caches\6.1.1\md-supplier)" [_thread_blocked, id=7824, stack(0x000000001fd80000,0x000000001fe80000)]
  0x00000000191b7000 JavaThread "Cache worker for file hash cache (D:\PADC\POCAssignment\.gradle\6.1.1\fileHashes)" [_thread_blocked, id=2264, stack(0x000000001fc80000,0x000000001fd80000)]
  0x00000000191b8800 JavaThread "Cache worker for checksums cache (D:\PADC\POCAssignment\.gradle\checksums)" [_thread_blocked, id=5544, stack(0x000000001e750000,0x000000001e850000)]
  0x00000000191bb800 JavaThread "Thread-63" [_thread_blocked, id=3304, stack(0x000000001e650000,0x000000001e750000)]
  0x00000000191be000 JavaThread "Asynchronous log dispatcher for DefaultDaemonConnection: socket connection from /127.0.0.1:53082 to /127.0.0.1:54967" [_thread_blocked, id=14660, stack(0x000000001cb80000,0x000000001cc80000)]
  0x00000000191af000 JavaThread "Cancel handler" [_thread_blocked, id=10104, stack(0x0000000000d40000,0x0000000000e40000)]
  0x00000000191b5000 JavaThread "Handler for socket connection from /127.0.0.1:53082 to /127.0.0.1:54967" [_thread_in_native, id=6876, stack(0x0000000000c40000,0x0000000000d40000)]
  0x000000001f0f8000 JavaThread "Cache worker for file content cache (C:\Users\ZinPaingOo\.gradle\caches\6.1.1\fileContent)" [_thread_blocked, id=12744, stack(0x0000000026910000,0x0000000026a10000)]
  0x000000001f0fd800 JavaThread "Memory manager" [_thread_blocked, id=12444, stack(0x0000000022e40000,0x0000000022f40000)]
  0x000000001f0f3000 JavaThread "Daemon worker Thread 3" [_thread_blocked, id=8884, stack(0x000000001ca80000,0x000000001cb80000)]
  0x000000001f0f1800 JavaThread "Daemon Thread 3" [_thread_blocked, id=10828, stack(0x0000000000b40000,0x0000000000c40000)]
  0x000000001b1a9800 JavaThread "Cache worker for execution history cache (C:\Users\ZinPaingOo\.gradle\caches\6.1.1\executionHistory)" [_thread_blocked, id=13444, stack(0x000000001fe80000,0x000000001ff80000)]
  0x000000001b1ab000 JavaThread "Cache worker for file hash cache (C:\Users\ZinPaingOo\.gradle\caches\6.1.1\fileHashes)" [_thread_blocked, id=13580, stack(0x000000001d380000,0x000000001d480000)]
  0x000000001b1ae000 JavaThread "File lock request listener" [_thread_in_native, id=11984, stack(0x000000001d280000,0x000000001d380000)]
  0x000000001b1dc800 JavaThread "Cache worker for journal cache (C:\Users\ZinPaingOo\.gradle\caches\journal-1)" [_thread_blocked, id=12948, stack(0x000000001d180000,0x000000001d280000)]
  0x000000001b009800 JavaThread "Daemon periodic checks" [_thread_blocked, id=15056, stack(0x000000001c580000,0x000000001c680000)]
  0x000000001b069000 JavaThread "Incoming local TCP Connector on port 53082" [_thread_in_native, id=12944, stack(0x000000001c340000,0x000000001c440000)]
  0x0000000019315000 JavaThread "Daemon health stats" [_thread_blocked, id=11636, stack(0x000000001bd00000,0x000000001be00000)]
  0x000000001765d000 JavaThread "Service Thread" daemon [_thread_blocked, id=8296, stack(0x0000000019360000,0x0000000019460000)]
  0x000000001761c800 JavaThread "C1 CompilerThread2" daemon [_thread_blocked, id=12996, stack(0x0000000018e60000,0x0000000018f60000)]
  0x000000001760c800 JavaThread "C2 CompilerThread1" daemon [_thread_blocked, id=10572, stack(0x0000000018d60000,0x0000000018e60000)]
=>0x0000000017606000 JavaThread "C2 CompilerThread0" daemon [_thread_in_native, id=13356, stack(0x0000000018c60000,0x0000000018d60000)]
  0x0000000017604800 JavaThread "Attach Listener" daemon [_thread_blocked, id=4844, stack(0x0000000018b60000,0x0000000018c60000)]
  0x0000000017603000 JavaThread "Signal Dispatcher" daemon [_thread_blocked, id=2988, stack(0x0000000018a60000,0x0000000018b60000)]
  0x00000000029dc800 JavaThread "Finalizer" daemon [_thread_blocked, id=14960, stack(0x0000000018860000,0x0000000018960000)]
  0x00000000029d1000 JavaThread "Reference Handler" daemon [_thread_blocked, id=6672, stack(0x0000000018760000,0x0000000018860000)]
  0x00000000028de800 JavaThread "main" [_thread_blocked, id=2928, stack(0x0000000002750000,0x0000000002850000)]

Other Threads:
  0x00000000175c7800 VMThread [stack: 0x0000000018660000,0x0000000018760000] [id=14404]
  0x0000000018fb2800 WatcherThread [stack: 0x0000000019460000,0x0000000019560000] [id=8320]

VM state:not at safepoint (normal execution)

VM Mutex/Monitor currently owned by a thread: None

heap address: 0x0000000080000000, size: 2048 MB, Compressed Oops mode: 32-bit
Narrow klass base: 0x0000000000000000, Narrow klass shift: 3
Compressed class space size: 1073741824 Address: 0x0000000100000000

Heap:
 PSYoungGen      total 300032K, used 69558K [0x00000000d5580000, 0x00000000e9980000, 0x0000000100000000)
  eden space 269312K, 25% used [0x00000000d5580000,0x00000000d996da58,0x00000000e5c80000)
  from space 30720K, 0% used [0x00000000e5c80000,0x00000000e5c80000,0x00000000e7a80000)
  to   space 31232K, 0% used [0x00000000e7b00000,0x00000000e7b00000,0x00000000e9980000)
 ParOldGen       total 116224K, used 56543K [0x0000000080000000, 0x0000000087180000, 0x00000000d5580000)
  object space 116224K, 48% used [0x0000000080000000,0x0000000083737f78,0x0000000087180000)
 Metaspace       used 90610K, capacity 94882K, committed 95512K, reserved 1132544K
  class space    used 11868K, capacity 12729K, committed 12848K, reserved 1048576K

Card table byte_map: [0x0000000011da0000,0x00000000121b0000] byte_map_base: 0x00000000119a0000

Marking Bits: (ParMarkBitMap*) 0x0000000069d1f030
 Begin Bits: [0x0000000012860000, 0x0000000014860000)
 End Bits:   [0x0000000014860000, 0x0000000016860000)

Polling page: 0x0000000000a30000

CodeCache: size=245760Kb used=45833Kb max_used=45845Kb free=199926Kb
 bounds [0x00000000029e0000, 0x00000000056e0000, 0x00000000119e0000]
 total_blobs=14346 nmethods=13461 adapters=797
 compilation: enabled

Compilation events (10 events):
Event: 7400.820 Thread 0x000000001760c800 16176   !   4       org.gradle.internal.serialize.kryo.KryoBackedDecoder::readInt (15 bytes)
Event: 7400.824 Thread 0x000000001761c800 16180       3       org.gradle.cache.internal.btree.BTreePersistentIndexedCache$IndexBlock::maybeSplit (160 bytes)
Event: 7400.826 Thread 0x000000001761c800 nmethod 16180 0x00000000056d6110 code [0x00000000056d6400, 0x00000000056d78c8]
Event: 7400.827 Thread 0x000000001761c800 16181       3       org.gradle.cache.internal.btree.BTreePersistentIndexedCache$DataBlock::getSize (8 bytes)
Event: 7400.827 Thread 0x000000001761c800 nmethod 16181 0x00000000056d5dd0 code [0x00000000056d5f20, 0x00000000056d6070]
Event: 7400.827 Thread 0x000000001761c800 16182       3       org.gradle.cache.internal.btree.BTreePersistentIndexedCache$IndexBlock::put (132 bytes)
Event: 7400.828 Thread 0x000000001761c800 nmethod 16182 0x00000000056d9610 code [0x00000000056d9860, 0x00000000056da548]
Event: 7400.828 Thread 0x000000001760c800 nmethod 16176 0x00000000056dde50 code [0x00000000056de020, 0x00000000056de6c0]
Event: 7400.828 Thread 0x000000001760c800 16175       4       org.gradle.api.internal.cache.StringInterner::intern (20 bytes)
Event: 7400.829 Thread 0x000000001760c800 nmethod 16175 0x00000000056dad90 code [0x00000000056daee0, 0x00000000056dafe8]

GC Heap History (10 events):
Event: 6977.073 GC heap before
{Heap before GC invocations=19 (full 3):
 PSYoungGen      total 259072K, used 257903K [0x00000000d5580000, 0x00000000eaa80000, 0x0000000100000000)
  eden space 237056K, 100% used [0x00000000d5580000,0x00000000e3d00000,0x00000000e3d00000)
  from space 22016K, 94% used [0x00000000e3d00000,0x00000000e515be28,0x00000000e5280000)
  to   space 25088K, 0% used [0x00000000e9200000,0x00000000e9200000,0x00000000eaa80000)
 ParOldGen       total 116224K, used 42283K [0x0000000080000000, 0x0000000087180000, 0x00000000d5580000)
  object space 116224K, 36% used [0x0000000080000000,0x000000008294af78,0x0000000087180000)
 Metaspace       used 81323K, capacity 85014K, committed 85272K, reserved 1122304K
  class space    used 10761K, capacity 11484K, committed 11568K, reserved 1048576K
Event: 6977.931 GC heap after
Heap after GC invocations=19 (full 3):
 PSYoungGen      total 316416K, used 25069K [0x00000000d5580000, 0x00000000eae00000, 0x0000000100000000)
  eden space 291328K, 0% used [0x00000000d5580000,0x00000000d5580000,0x00000000e7200000)
  from space 25088K, 99% used [0x00000000e9200000,0x00000000eaa7b700,0x00000000eaa80000)
  to   space 30720K, 0% used [0x00000000e7200000,0x00000000e7200000,0x00000000e9000000)
 ParOldGen       total 116224K, used 46502K [0x0000000080000000, 0x0000000087180000, 0x00000000d5580000)
  object space 116224K, 40% used [0x0000000080000000,0x0000000082d69868,0x0000000087180000)
 Metaspace       used 81323K, capacity 85014K, committed 85272K, reserved 1122304K
  class space    used 10761K, capacity 11484K, committed 11568K, reserved 1048576K
}
Event: 7341.470 GC heap before
{Heap before GC invocations=20 (full 3):
 PSYoungGen      total 316416K, used 316397K [0x00000000d5580000, 0x00000000eae00000, 0x0000000100000000)
  eden space 291328K, 100% used [0x00000000d5580000,0x00000000e7200000,0x00000000e7200000)
  from space 25088K, 99% used [0x00000000e9200000,0x00000000eaa7b700,0x00000000eaa80000)
  to   space 30720K, 0% used [0x00000000e7200000,0x00000000e7200000,0x00000000e9000000)
 ParOldGen       total 116224K, used 46502K [0x0000000080000000, 0x0000000087180000, 0x00000000d5580000)
  object space 116224K, 40% used [0x0000000080000000,0x0000000082d69868,0x0000000087180000)
 Metaspace       used 84793K, capacity 89086K, committed 89112K, reserved 1126400K
  class space    used 11213K, capacity 12060K, committed 12080K, reserved 1048576K
Event: 7341.528 GC heap after
Heap after GC invocations=20 (full 3):
 PSYoungGen      total 292864K, used 12713K [0x00000000d5580000, 0x00000000e9f00000, 0x0000000100000000)
  eden space 280064K, 0% used [0x00000000d5580000,0x00000000d5580000,0x00000000e6700000)
  from space 12800K, 99% used [0x00000000e7200000,0x00000000e7e6a728,0x00000000e7e80000)
  to   space 28672K, 0% used [0x00000000e8300000,0x00000000e8300000,0x00000000e9f00000)
 ParOldGen       total 116224K, used 62896K [0x0000000080000000, 0x0000000087180000, 0x00000000d5580000)
  object space 116224K, 54% used [0x0000000080000000,0x0000000083d6c2d8,0x0000000087180000)
 Metaspace       used 84793K, capacity 89086K, committed 89112K, reserved 1126400K
  class space    used 11213K, capacity 12060K, committed 12080K, reserved 1048576K
}
Event: 7375.413 GC heap before
{Heap before GC invocations=21 (full 3):
 PSYoungGen      total 292864K, used 292777K [0x00000000d5580000, 0x00000000e9f00000, 0x0000000100000000)
  eden space 280064K, 100% used [0x00000000d5580000,0x00000000e6700000,0x00000000e6700000)
  from space 12800K, 99% used [0x00000000e7200000,0x00000000e7e6a728,0x00000000e7e80000)
  to   space 28672K, 0% used [0x00000000e8300000,0x00000000e8300000,0x00000000e9f00000)
 ParOldGen       total 116224K, used 62896K [0x0000000080000000, 0x0000000087180000, 0x00000000d5580000)
  object space 116224K, 54% used [0x0000000080000000,0x0000000083d6c2d8,0x0000000087180000)
 Metaspace       used 87525K, capacity 91940K, committed 92312K, reserved 1128448K
  class space    used 11494K, capacity 12339K, committed 12464K, reserved 1048576K
Event: 7375.451 GC heap after
Heap after GC invocations=21 (full 3):
 PSYoungGen      total 291328K, used 21380K [0x00000000d5580000, 0x00000000e9880000, 0x0000000100000000)
  eden space 269312K, 0% used [0x00000000d5580000,0x00000000d5580000,0x00000000e5c80000)
  from space 22016K, 97% used [0x00000000e8300000,0x00000000e97e1310,0x00000000e9880000)
  to   space 30720K, 0% used [0x00000000e5c80000,0x00000000e5c80000,0x00000000e7a80000)
 ParOldGen       total 116224K, used 62904K [0x0000000080000000, 0x0000000087180000, 0x00000000d5580000)
  object space 116224K, 54% used [0x0000000080000000,0x0000000083d6e2d8,0x0000000087180000)
 Metaspace       used 87525K, capacity 91940K, committed 92312K, reserved 1128448K
  class space    used 11494K, capacity 12339K, committed 12464K, reserved 1048576K
}
Event: 7381.784 GC heap before
{Heap before GC invocations=22 (full 3):
 PSYoungGen      total 291328K, used 93464K [0x00000000d5580000, 0x00000000e9880000, 0x0000000100000000)
  eden space 269312K, 26% used [0x00000000d5580000,0x00000000d9be4d38,0x00000000e5c80000)
  from space 22016K, 97% used [0x00000000e8300000,0x00000000e97e1310,0x00000000e9880000)
  to   space 30720K, 0% used [0x00000000e5c80000,0x00000000e5c80000,0x00000000e7a80000)
 ParOldGen       total 116224K, used 62904K [0x0000000080000000, 0x0000000087180000, 0x00000000d5580000)
  object space 116224K, 54% used [0x0000000080000000,0x0000000083d6e2d8,0x0000000087180000)
 Metaspace       used 89501K, capacity 94038K, committed 94360K, reserved 1130496K
  class space    used 11766K, capacity 12615K, committed 12720K, reserved 1048576K
Event: 7381.803 GC heap after
Heap after GC invocations=22 (full 3):
 PSYoungGen      total 300032K, used 18779K [0x00000000d5580000, 0x00000000e9980000, 0x0000000100000000)
  eden space 269312K, 0% used [0x00000000d5580000,0x00000000d5580000,0x00000000e5c80000)
  from space 30720K, 61% used [0x00000000e5c80000,0x00000000e6ed6ca8,0x00000000e7a80000)
  to   space 31232K, 0% used [0x00000000e7b00000,0x00000000e7b00000,0x00000000e9980000)
 ParOldGen       total 116224K, used 62912K [0x0000000080000000, 0x0000000087180000, 0x00000000d5580000)
  object space 116224K, 54% used [0x0000000080000000,0x0000000083d702d8,0x0000000087180000)
 Metaspace       used 89501K, capacity 94038K, committed 94360K, reserved 1130496K
  class space    used 11766K, capacity 12615K, committed 12720K, reserved 1048576K
}
Event: 7381.803 GC heap before
{Heap before GC invocations=23 (full 4):
 PSYoungGen      total 300032K, used 18779K [0x00000000d5580000, 0x00000000e9980000, 0x0000000100000000)
  eden space 269312K, 0% used [0x00000000d5580000,0x00000000d5580000,0x00000000e5c80000)
  from space 30720K, 61% used [0x00000000e5c80000,0x00000000e6ed6ca8,0x00000000e7a80000)
  to   space 31232K, 0% used [0x00000000e7b00000,0x00000000e7b00000,0x00000000e9980000)
 ParOldGen       total 116224K, used 62912K [0x0000000080000000, 0x0000000087180000, 0x00000000d5580000)
  object space 116224K, 54% used [0x0000000080000000,0x0000000083d702d8,0x0000000087180000)
 Metaspace       used 89501K, capacity 94038K, committed 94360K, reserved 1130496K
  class space    used 11766K, capacity 12615K, committed 12720K, reserved 1048576K
Event: 7382.365 GC heap after
Heap after GC invocations=23 (full 4):
 PSYoungGen      total 300032K, used 0K [0x00000000d5580000, 0x00000000e9980000, 0x0000000100000000)
  eden space 269312K, 0% used [0x00000000d5580000,0x00000000d5580000,0x00000000e5c80000)
  from space 30720K, 0% used [0x00000000e5c80000,0x00000000e5c80000,0x00000000e7a80000)
  to   space 31232K, 0% used [0x00000000e7b00000,0x00000000e7b00000,0x00000000e9980000)
 ParOldGen       total 116224K, used 56543K [0x0000000080000000, 0x0000000087180000, 0x00000000d5580000)
  object space 116224K, 48% used [0x0000000080000000,0x0000000083737f78,0x0000000087180000)
 Metaspace       used 89110K, capacity 93280K, committed 94360K, reserved 1130496K
  class space    used 11668K, capacity 12450K, committed 12720K, reserved 1048576K
}

Deoptimization events (10 events):
Event: 7400.267 Thread 0x000000001f0f3800 Uncommon trap: reason=bimorphic action=maybe_recompile pc=0x0000000004d2d6fc method=org.gradle.internal.vfs.impl.DefaultVirtualFileSystem.read(Ljava/lang/String;Ljava/util/function/Function;)Ljava/lang/Object; @ 6
Event: 7400.267 Thread 0x000000001f0ef000 Uncommon trap: reason=bimorphic action=maybe_recompile pc=0x0000000004bc4470 method=org.gradle.internal.vfs.impl.DefaultVirtualFileSystem.read(Ljava/lang/String;Ljava/util/function/Function;)Ljava/lang/Object; @ 6
Event: 7400.267 Thread 0x000000001f0fb000 Uncommon trap: reason=bimorphic action=maybe_recompile pc=0x0000000004bc4470 method=org.gradle.internal.vfs.impl.DefaultVirtualFileSystem.read(Ljava/lang/String;Ljava/util/function/Function;)Ljava/lang/Object; @ 6
Event: 7400.291 Thread 0x000000001f0f3800 Uncommon trap: reason=bimorphic action=maybe_recompile pc=0x0000000004d2d6fc method=org.gradle.internal.vfs.impl.DefaultVirtualFileSystem.read(Ljava/lang/String;Ljava/util/function/Function;)Ljava/lang/Object; @ 6
Event: 7400.549 Thread 0x000000001da54000 Uncommon trap: reason=unstable_if action=reinterpret pc=0x0000000004d565b0 method=org.gradle.internal.io.StreamByteBuffer$StreamByteBufferInputStream.readImpl([BII)I @ 49
Event: 7400.611 Thread 0x000000001f0f3800 Uncommon trap: reason=bimorphic action=maybe_recompile pc=0x000000000566a200 method=org.objectweb.asm.ClassReader.readCode(Lorg/objectweb/asm/MethodVisitor;Lorg/objectweb/asm/Context;I)V @ 3299
Event: 7400.612 Thread 0x000000001f0f3800 Uncommon trap: reason=bimorphic action=maybe_recompile pc=0x000000000566a200 method=org.objectweb.asm.ClassReader.readCode(Lorg/objectweb/asm/MethodVisitor;Lorg/objectweb/asm/Context;I)V @ 3299
Event: 7400.613 Thread 0x000000001f0f3800 Uncommon trap: reason=bimorphic action=maybe_recompile pc=0x000000000566a200 method=org.objectweb.asm.ClassReader.readCode(Lorg/objectweb/asm/MethodVisitor;Lorg/objectweb/asm/Context;I)V @ 3299
Event: 7400.616 Thread 0x000000001f0f3800 Uncommon trap: reason=bimorphic action=maybe_recompile pc=0x000000000566a200 method=org.objectweb.asm.ClassReader.readCode(Lorg/objectweb/asm/MethodVisitor;Lorg/objectweb/asm/Context;I)V @ 3299
Event: 7400.698 Thread 0x000000001da54000 Uncommon trap: reason=unstable_if action=reinterpret pc=0x00000000045624f0 method=org.gradle.internal.io.StreamByteBuffer$StreamByteBufferInputStream.readImpl([BII)I @ 49

Classes redefined (0 events):
No events

Internal exceptions (10 events):
Event: 7399.976 Thread 0x000000001f0fb000 Exception <a 'sun/nio/fs/WindowsException'> (0x00000000d79c5bc0) thrown at [C:\src\AOSP-openjdk-git\hotspot\src\share\vm\prims\jni.cpp, line 710]
Event: 7399.976 Thread 0x000000001f0fb000 Exception <a 'sun/nio/fs/WindowsException'> (0x00000000d79c6880) thrown at [C:\src\AOSP-openjdk-git\hotspot\src\share\vm\prims\jni.cpp, line 710]
Event: 7399.977 Thread 0x000000001f0fb000 Exception <a 'sun/nio/fs/WindowsException'> (0x00000000d79cc890) thrown at [C:\src\AOSP-openjdk-git\hotspot\src\share\vm\prims\jni.cpp, line 710]
Event: 7399.977 Thread 0x000000001f0fb000 Exception <a 'sun/nio/fs/WindowsException'> (0x00000000d79cd528) thrown at [C:\src\AOSP-openjdk-git\hotspot\src\share\vm\prims\jni.cpp, line 710]
Event: 7399.977 Thread 0x000000001f0fb000 Exception <a 'sun/nio/fs/WindowsException'> (0x00000000d79ce230) thrown at [C:\src\AOSP-openjdk-git\hotspot\src\share\vm\prims\jni.cpp, line 710]
Event: 7399.978 Thread 0x000000001f0fb000 Exception <a 'sun/nio/fs/WindowsException'> (0x00000000d79d0178) thrown at [C:\src\AOSP-openjdk-git\hotspot\src\share\vm\prims\jni.cpp, line 710]
Event: 7399.978 Thread 0x000000001f0fb000 Exception <a 'sun/nio/fs/WindowsException'> (0x00000000d79d0e20) thrown at [C:\src\AOSP-openjdk-git\hotspot\src\share\vm\prims\jni.cpp, line 710]
Event: 7399.978 Thread 0x000000001f0fb000 Exception <a 'sun/nio/fs/WindowsException'> (0x00000000d79d1b38) thrown at [C:\src\AOSP-openjdk-git\hotspot\src\share\vm\prims\jni.cpp, line 710]
Event: 7400.054 Thread 0x000000001f0fb000 Implicit null exception at 0x00000000031a4511 to 0x00000000031a4611
Event: 7400.134 Thread 0x000000001f0fb000 Implicit null exception at 0x000000000309705c to 0x00000000030985e5

Events (10 events):
Event: 7400.763 loading class org/gradle/api/internal/tasks/compile/incremental/classpath/DefaultClasspathEntrySnapshotter$DirectoryEntryVisitor
Event: 7400.763 loading class org/gradle/api/internal/tasks/compile/incremental/classpath/DefaultClasspathEntrySnapshotter$DirectoryEntryVisitor done
Event: 7400.768 loading class it/unimi/dsi/fastutil/ints/IntIterators
Event: 7400.768 loading class it/unimi/dsi/fastutil/ints/IntIterators done
Event: 7400.770 loading class it/unimi/dsi/fastutil/ints/IntListIterator
Event: 7400.770 loading class it/unimi/dsi/fastutil/ints/IntListIterator done
Event: 7400.770 loading class it/unimi/dsi/fastutil/ints/IntList
Event: 7400.770 loading class it/unimi/dsi/fastutil/ints/IntList done
Event: 7400.772 loading class it/unimi/dsi/fastutil/ints/IntIterators$EmptyIterator
Event: 7400.772 loading class it/unimi/dsi/fastutil/ints/IntIterators$EmptyIterator done


Dynamic libraries:
0x00007ff7e2ec0000 - 0x00007ff7e2ef1000 	C:\Program Files\Android\Android Studio\jre\bin\java.exe
0x00007ffdbf420000 - 0x00007ffdbf610000 	C:\WINDOWS\SYSTEM32\ntdll.dll
0x00007ffdbe720000 - 0x00007ffdbe7d2000 	C:\WINDOWS\System32\KERNEL32.DLL
0x00007ffdbc710000 - 0x00007ffdbc9b5000 	C:\WINDOWS\System32\KERNELBASE.dll
0x00007ffdbd4d0000 - 0x00007ffdbd573000 	C:\WINDOWS\System32\ADVAPI32.dll
0x00007ffdbd580000 - 0x00007ffdbd61e000 	C:\WINDOWS\System32\msvcrt.dll
0x00007ffdbead0000 - 0x00007ffdbeb67000 	C:\WINDOWS\System32\sechost.dll
0x00007ffdbe600000 - 0x00007ffdbe720000 	C:\WINDOWS\System32\RPCRT4.dll
0x00007ffdbe2e0000 - 0x00007ffdbe474000 	C:\WINDOWS\System32\USER32.dll
0x00007ffdbc6e0000 - 0x00007ffdbc701000 	C:\WINDOWS\System32\win32u.dll
0x00007ffdbe7e0000 - 0x00007ffdbe806000 	C:\WINDOWS\System32\GDI32.dll
0x00007ffdbc450000 - 0x00007ffdbc5e6000 	C:\WINDOWS\System32\gdi32full.dll
0x00007ffdbc640000 - 0x00007ffdbc6de000 	C:\WINDOWS\System32\msvcp_win.dll
0x00007ffdbd3d0000 - 0x00007ffdbd4ca000 	C:\WINDOWS\System32\ucrtbase.dll
0x00007ffdb1450000 - 0x00007ffdb16d4000 	C:\WINDOWS\WinSxS\amd64_microsoft.windows.common-controls_6595b64144ccf1df_6.0.18362.1198_none_9e820b57e45ad92f\COMCTL32.dll
0x00007ffdbeda0000 - 0x00007ffdbf0d5000 	C:\WINDOWS\System32\combase.dll
0x00007ffdbd320000 - 0x00007ffdbd3a0000 	C:\WINDOWS\System32\bcryptPrimitives.dll
0x00007ffdbea20000 - 0x00007ffdbea4e000 	C:\WINDOWS\System32\IMM32.DLL
0x0000000069360000 - 0x0000000069432000 	C:\Program Files\Android\Android Studio\jre\jre\bin\msvcr100.dll
0x0000000069550000 - 0x0000000069d9b000 	C:\Program Files\Android\Android Studio\jre\jre\bin\server\jvm.dll
0x00007ffdbd620000 - 0x00007ffdbd628000 	C:\WINDOWS\System32\PSAPI.DLL
0x00007ffdb9060000 - 0x00007ffdb9084000 	C:\WINDOWS\SYSTEM32\WINMM.dll
0x00007ffdb5bc0000 - 0x00007ffdb5bca000 	C:\WINDOWS\SYSTEM32\VERSION.dll
0x00007ffdb7b50000 - 0x00007ffdb7b59000 	C:\WINDOWS\SYSTEM32\WSOCK32.dll
0x00007ffdbed30000 - 0x00007ffdbed9f000 	C:\WINDOWS\System32\WS2_32.dll
0x00007ffdb9030000 - 0x00007ffdb905d000 	C:\WINDOWS\SYSTEM32\WINMMBASE.dll
0x00007ffdbc5f0000 - 0x00007ffdbc63a000 	C:\WINDOWS\System32\cfgmgr32.dll
0x00007ffdb8370000 - 0x00007ffdb837f000 	C:\Program Files\Android\Android Studio\jre\jre\bin\verify.dll
0x00007ffdabd40000 - 0x00007ffdabd69000 	C:\Program Files\Android\Android Studio\jre\jre\bin\java.dll
0x00007ffdb6040000 - 0x00007ffdb6056000 	C:\Program Files\Android\Android Studio\jre\jre\bin\zip.dll
0x00007ffdbdbf0000 - 0x00007ffdbe2d7000 	C:\WINDOWS\System32\SHELL32.dll
0x00007ffdbe4e0000 - 0x00007ffdbe589000 	C:\WINDOWS\System32\shcore.dll
0x00007ffdbcb90000 - 0x00007ffdbd311000 	C:\WINDOWS\System32\windows.storage.dll
0x00007ffdbc370000 - 0x00007ffdbc393000 	C:\WINDOWS\System32\profapi.dll
0x00007ffdbc2e0000 - 0x00007ffdbc32a000 	C:\WINDOWS\System32\powrprof.dll
0x00007ffdbc2d0000 - 0x00007ffdbc2e0000 	C:\WINDOWS\System32\UMPDC.dll
0x00007ffdbe590000 - 0x00007ffdbe5e2000 	C:\WINDOWS\System32\shlwapi.dll
0x00007ffdbc350000 - 0x00007ffdbc361000 	C:\WINDOWS\System32\kernel.appcore.dll
0x00007ffdbca20000 - 0x00007ffdbca37000 	C:\WINDOWS\System32\cryptsp.dll
0x00007ffdb49e0000 - 0x00007ffdb49fa000 	C:\Program Files\Android\Android Studio\jre\jre\bin\net.dll
0x00007ffdbbac0000 - 0x00007ffdbbb27000 	C:\WINDOWS\system32\mswsock.dll
0x00007ffdabc90000 - 0x00007ffdabca3000 	C:\Program Files\Android\Android Studio\jre\jre\bin\nio.dll
0x00007ffda6750000 - 0x00007ffda6776000 	C:\Users\ZinPaingOo\.gradle\native\31\windows-amd64\native-platform.dll
0x00007ffdb82b0000 - 0x00007ffdb82bd000 	C:\Program Files\Android\Android Studio\jre\jre\bin\management.dll
0x00007ffdbb630000 - 0x00007ffdbb663000 	C:\WINDOWS\system32\rsaenh.dll
0x00007ffdbd3a0000 - 0x00007ffdbd3c6000 	C:\WINDOWS\System32\bcrypt.dll
0x00007ffdbc1f0000 - 0x00007ffdbc215000 	C:\WINDOWS\SYSTEM32\USERENV.dll
0x00007ffdbbc90000 - 0x00007ffdbbc9c000 	C:\WINDOWS\SYSTEM32\CRYPTBASE.dll
0x00007ffdbb7d0000 - 0x00007ffdbb80a000 	C:\WINDOWS\SYSTEM32\IPHLPAPI.DLL
0x00007ffdbed20000 - 0x00007ffdbed28000 	C:\WINDOWS\System32\NSI.dll
0x00007ffdb4120000 - 0x00007ffdb4136000 	C:\WINDOWS\SYSTEM32\dhcpcsvc6.DLL
0x00007ffdb2db0000 - 0x00007ffdb2dcc000 	C:\WINDOWS\SYSTEM32\dhcpcsvc.DLL
0x00007ffdbb810000 - 0x00007ffdbb8db000 	C:\WINDOWS\SYSTEM32\DNSAPI.dll
0x00007ffdb6310000 - 0x00007ffdb632e000 	C:\Users\ZinPaingOo\AppData\Local\Temp\native-platform8463517202121283367dir\native-platform.dll

VM Arguments:
jvm_args: -Xmx2048m -Dfile.encoding=windows-1252 -Duser.country=US -Duser.language=en -Duser.variant 
java_command: org.gradle.launcher.daemon.bootstrap.GradleDaemon 6.1.1
java_class_path (initial): C:\Users\ZinPaingOo\.gradle\wrapper\dists\gradle-6.1.1-all\cfmwm155h49vnt3hynmlrsdst\gradle-6.1.1\lib\gradle-launcher-6.1.1.jar
Launcher Type: SUN_STANDARD

Environment Variables:
JAVA_HOME=C:\Program Files\Java\jdk1.8.0_231
PATH=C:\Program Files (x86)\Common Files\Oracle\Java\javapath;C:\WINDOWS\system32;C:\WINDOWS;C:\WINDOWS\System32\Wbem;C:\WINDOWS\System32\WindowsPowerShell\v1.0\;C:\WINDOWS\System32\OpenSSH\;C:\Program Files\Git\cmd;C:\Program Files (x86)\node-v12.14.1-win-x64;C:\Program Files\nodejs\;D:\sdk\platform-tools\adb;C:\Users\ZinPaingOo\AppData\Local\Programs\Python\Python37\Scripts\;C:\Users\ZinPaingOo\AppData\Local\Programs\Python\Python37\;C:\Users\ZinPaingOo\AppData\Local\Microsoft\WindowsApps;C:\Users\ZinPaingOo\AppData\Local\Programs\Microsoft VS Code\bin;C:\Users\ZinPaingOo\AppData\Roaming\npm;D:\android_sdk\tools;D:\android_sdk\platform-tools;C:\Program Files\Java\jdk1.8.0_231\bin;C:\src\flutter\flutter\bin;C:\Program Files\Git\bin\;C:\Program Files\Git\cmd\;C:\Users\ZinPaingOo\AppData\Local\GitHubDesktop\bin;%USERPROFILE%\AppData\Local\Microsoft\WindowsApps;
USERNAME=ZinPaingOo
OS=Windows_NT
PROCESSOR_IDENTIFIER=Intel64 Family 6 Model 78 Stepping 3, GenuineIntel



---------------  S Y S T E M  ---------------

OS: Windows 10.0 , 64 bit Build 18362 (10.0.18362.1110)

CPU:total 4 (initial active 4) (2 cores per cpu, 2 threads per core) family 6 model 78 stepping 3, cmov, cx8, fxsr, mmx, sse, sse2, sse3, ssse3, sse4.1, sse4.2, popcnt, avx, avx2, aes, clmul, erms, 3dnowpref, lzcnt, ht, tsc, tscinvbit, bmi1, bmi2, adx

Memory: 4k page, physical 8082920k(771984k free), swap 11154920k(4584k free)

vm_info: OpenJDK 64-Bit Server VM (25.242-b01) for windows-amd64 JRE (1.8.0_242-release-1644-b01), built by "builder" with MS VC++ 10.0 (VS2010)

time: Fri Nov 27 13:21:19 2020
timezone: Myanmar Standard Time
elapsed time: 7400 seconds (0d 2h 3m 20s)

